# JRE version: OpenJDK Runtime Environment Temurin-17.0.16+8 (17.0.16+8) (build 17.0.16+8)
# Java VM: OpenJDK 64-Bit Server VM Temurin-17.0.16+8 (17.0.16+8, mixed mode, sharing, tiered, compressed oops, compressed class ptrs, g1 gc, windows-amd64)
GC Precious Log:
 CPUs: 12 total, 12 available
 Memory: 16163M
 Large Page Support: Disabled
 NUMA Support: Disabled
 Compressed Oops: Enabled (32-bit)
 Heap Region Size: 1M
 Heap Min Capacity: 8M
 Heap Initial Capacity: 254M
 Heap Max Capacity: 1536M
 Pre-touch: Disabled
 Parallel Workers: 10
 Concurrent Workers: 3
 Concurrent Refinement Workers: 10
 Periodic GC: Disabled
Heap:
 garbage-first heap   total 270336K, used 237567K [0x00000000a0000000, 0x0000000100000000)
  region size 1024K, 10 young (10240K), 10 survivors (10240K)
 Metaspace       used 105061K, committed 106432K, reserved 1179648K
  class space    used 14702K, committed 15360K, reserved 1048576K
GC Heap History (20 events):
Event: 13.382 GC heap before
{Heap before GC invocations=27 (full 0):
 garbage-first heap   total 130048K, used 104634K [0x00000000a0000000, 0x0000000100000000)
  region size 1024K, 33 young (33792K), 1 survivors (1024K)
 Metaspace       used 71870K, committed 72896K, reserved 1114112K
  class space    used 10319K, committed 10752K, reserved 1048576K
}
Event: 13.385 GC heap after
{Heap after GC invocations=28 (full 0):
 garbage-first heap   total 276480K, used 75206K [0x00000000a0000000, 0x0000000100000000)
  region size 1024K, 4 young (4096K), 4 survivors (4096K)
 Metaspace       used 71870K, committed 72896K, reserved 1114112K
  class space    used 10319K, committed 10752K, reserved 1048576K
}
Event: 14.264 GC heap before
{Heap before GC invocations=29 (full 0):
 garbage-first heap   total 270336K, used 211398K [0x00000000a0000000, 0x0000000100000000)
  region size 1024K, 131 young (134144K), 4 survivors (4096K)
 Metaspace       used 73559K, committed 74496K, reserved 1114112K
  class space    used 10510K, committed 10944K, reserved 1048576K
}
Event: 14.270 GC heap after
{Heap after GC invocations=30 (full 0):
 garbage-first heap   total 270336K, used 90367K [0x00000000a0000000, 0x0000000100000000)
  region size 1024K, 12 young (12288K), 12 survivors (12288K)
 Metaspace       used 73559K, committed 74496K, reserved 1114112K
  class space    used 10510K, committed 10944K, reserved 1048576K
}
Event: 14.276 GC heap before
{Heap before GC invocations=30 (full 0):
 garbage-first heap   total 270336K, used 91391K [0x00000000a0000000, 0x0000000100000000)
  region size 1024K, 13 young (13312K), 12 survivors (12288K)
 Metaspace       used 73621K, committed 74560K, reserved 1114112K
  class space    used 10517K, committed 10944K, reserved 1048576K
}
Event: 14.280 GC heap after
{Heap after GC invocations=31 (full 0):
 garbage-first heap   total 270336K, used 90131K [0x00000000a0000000, 0x0000000100000000)
  region size 1024K, 1 young (1024K), 1 survivors (1024K)
 Metaspace       used 73621K, committed 74560K, reserved 1114112K
  class space    used 10517K, committed 10944K, reserved 1048576K
}
Event: 15.610 GC heap before
{Heap before GC invocations=31 (full 0):
 garbage-first heap   total 270336K, used 210963K [0x00000000a0000000, 0x0000000100000000)
  region size 1024K, 115 young (117760K), 1 survivors (1024K)
 Metaspace       used 82610K, committed 83648K, reserved 1179648K
  class space    used 11551K, committed 12032K, reserved 1048576K
}
Event: 15.614 GC heap after
{Heap after GC invocations=32 (full 0):
 garbage-first heap   total 270336K, used 97561K [0x00000000a0000000, 0x0000000100000000)
  region size 1024K, 8 young (8192K), 8 survivors (8192K)
 Metaspace       used 82610K, committed 83648K, reserved 1179648K
  class space    used 11551K, committed 12032K, reserved 1048576K
}
Event: 16.754 GC heap before
{Heap before GC invocations=32 (full 0):
 garbage-first heap   total 270336K, used 211225K [0x00000000a0000000, 0x0000000100000000)
  region size 1024K, 117 young (119808K), 8 survivors (8192K)
 Metaspace       used 89724K, committed 90816K, reserved 1179648K
  class space    used 12505K, committed 12992K, reserved 1048576K
}
Event: 16.759 GC heap after
{Heap after GC invocations=33 (full 0):
 garbage-first heap   total 270336K, used 105563K [0x00000000a0000000, 0x0000000100000000)
  region size 1024K, 12 young (12288K), 12 survivors (12288K)
 Metaspace       used 89724K, committed 90816K, reserved 1179648K
  class space    used 12505K, committed 12992K, reserved 1048576K
}
Event: 17.914 GC heap before
{Heap before GC invocations=33 (full 0):
 garbage-first heap   total 270336K, used 215131K [0x00000000a0000000, 0x0000000100000000)
  region size 1024K, 119 young (121856K), 12 survivors (12288K)
 Metaspace       used 95786K, committed 96960K, reserved 1179648K
  class space    used 13421K, committed 14016K, reserved 1048576K
}
Event: 17.920 GC heap after
{Heap after GC invocations=34 (full 0):
 garbage-first heap   total 270336K, used 110491K [0x00000000a0000000, 0x0000000100000000)
  region size 1024K, 10 young (10240K), 10 survivors (10240K)
 Metaspace       used 95786K, committed 96960K, reserved 1179648K
  class space    used 13421K, committed 14016K, reserved 1048576K
}
Event: 19.189 GC heap before
{Heap before GC invocations=34 (full 0):
 garbage-first heap   total 270336K, used 218011K [0x00000000a0000000, 0x0000000100000000)
  region size 1024K, 115 young (117760K), 10 survivors (10240K)
 Metaspace       used 102312K, committed 103552K, reserved 1179648K
  class space    used 14304K, committed 14912K, reserved 1048576K
}
Event: 19.196 GC heap after
{Heap after GC invocations=35 (full 0):
 garbage-first heap   total 270336K, used 117050K [0x00000000a0000000, 0x0000000100000000)
  region size 1024K, 12 young (12288K), 12 survivors (12288K)
 Metaspace       used 102312K, committed 103552K, reserved 1179648K
  class space    used 14304K, committed 14912K, reserved 1048576K
}
Event: 19.681 GC heap before
{Heap before GC invocations=35 (full 0):
 garbage-first heap   total 270336K, used 219450K [0x00000000a0000000, 0x0000000100000000)
  region size 1024K, 113 young (115712K), 12 survivors (12288K)
 Metaspace       used 102517K, committed 103744K, reserved 1179648K
  class space    used 14307K, committed 14912K, reserved 1048576K
}
Event: 19.689 GC heap after
{Heap after GC invocations=36 (full 0):
 garbage-first heap   total 270336K, used 123173K [0x00000000a0000000, 0x0000000100000000)
  region size 1024K, 13 young (13312K), 13 survivors (13312K)
 Metaspace       used 102517K, committed 103744K, reserved 1179648K
  class space    used 14307K, committed 14912K, reserved 1048576K
}
Event: 20.580 GC heap before
{Heap before GC invocations=36 (full 0):
 garbage-first heap   total 270336K, used 225573K [0x00000000a0000000, 0x0000000100000000)
  region size 1024K, 109 young (111616K), 13 survivors (13312K)
 Metaspace       used 104581K, committed 105920K, reserved 1179648K
  class space    used 14644K, committed 15296K, reserved 1048576K
}
Event: 20.589 GC heap after
{Heap after GC invocations=37 (full 0):
 garbage-first heap   total 270336K, used 140465K [0x00000000a0000000, 0x0000000100000000)
  region size 1024K, 14 young (14336K), 14 survivors (14336K)
 Metaspace       used 104581K, committed 105920K, reserved 1179648K
  class space    used 14644K, committed 15296K, reserved 1048576K
}
Event: 20.847 GC heap before
{Heap before GC invocations=37 (full 0):
 garbage-first heap   total 270336K, used 215217K [0x00000000a0000000, 0x0000000100000000)
  region size 1024K, 88 young (90112K), 14 survivors (14336K)
 Metaspace       used 104637K, committed 105984K, reserved 1179648K
  class space    used 14645K, committed 15296K, reserved 1048576K
}
Event: 20.855 GC heap after
{Heap after GC invocations=38 (full 0):
 garbage-first heap   total 270336K, used 147649K [0x00000000a0000000, 0x0000000100000000)
  region size 1024K, 6 young (6144K), 6 survivors (6144K)
 Metaspace       used 104637K, committed 105984K, reserved 1179648K
  class space    used 14645K, committed 15296K, reserved 1048576K
}

