# JRE version: OpenJDK Runtime Environment Temurin-17.0.16+8 (17.0.16+8) (build 17.0.16+8)
# Java VM: OpenJDK 64-Bit Server VM Temurin-17.0.16+8 (17.0.16+8, mixed mode, sharing, tiered, compressed oops, compressed class ptrs, g1 gc, windows-amd64)
GC Precious Log:
 CPUs: 12 total, 12 available
 Memory: 16163M
 Large Page Support: Disabled
 NUMA Support: Disabled
 Compressed Oops: Enabled (32-bit)
 Heap Region Size: 1M
 Heap Min Capacity: 8M
 Heap Initial Capacity: 254M
 Heap Max Capacity: 2G
 Pre-touch: Disabled
 Parallel Workers: 10
 Concurrent Workers: 3
 Concurrent Refinement Workers: 10
 Periodic GC: Disabled
Heap:
 garbage-first heap   total 260096K, used 86788K [0x0000000080000000, 0x0000000100000000)
  region size 1024K, 1 young (1024K), 1 survivors (1024K)
 Metaspace       used 71969K, committed 73024K, reserved 491520K
  class space    used 10321K, committed 10816K, reserved 425984K
GC Heap History (20 events):
Event: 10.889 GC heap after
{Heap after GC invocations=24 (full 0):
 garbage-first heap   total 103424K, used 61283K [0x0000000080000000, 0x0000000100000000)
  region size 1024K, 4 young (4096K), 4 survivors (4096K)
 Metaspace       used 65477K, committed 66368K, reserved 491520K
  class space    used 9372K, committed 9792K, reserved 425984K
}
Event: 10.913 GC heap before
{Heap before GC invocations=24 (full 0):
 garbage-first heap   total 103424K, used 62307K [0x0000000080000000, 0x0000000100000000)
  region size 1024K, 5 young (5120K), 4 survivors (4096K)
 Metaspace       used 65540K, committed 66432K, reserved 491520K
  class space    used 9376K, committed 9792K, reserved 425984K
}
Event: 10.916 GC heap after
{Heap after GC invocations=25 (full 0):
 garbage-first heap   total 103424K, used 61040K [0x0000000080000000, 0x0000000100000000)
  region size 1024K, 1 young (1024K), 1 survivors (1024K)
 Metaspace       used 65540K, committed 66432K, reserved 491520K
  class space    used 9376K, committed 9792K, reserved 425984K
}
Event: 11.335 GC heap before
{Heap before GC invocations=25 (full 0):
 garbage-first heap   total 103424K, used 83568K [0x0000000080000000, 0x0000000100000000)
  region size 1024K, 23 young (23552K), 1 survivors (1024K)
 Metaspace       used 67488K, committed 68352K, reserved 491520K
  class space    used 9703K, committed 10112K, reserved 425984K
}
Event: 11.339 GC heap after
{Heap after GC invocations=26 (full 0):
 garbage-first heap   total 140288K, used 61710K [0x0000000080000000, 0x0000000100000000)
  region size 1024K, 2 young (2048K), 2 survivors (2048K)
 Metaspace       used 67488K, committed 68352K, reserved 491520K
  class space    used 9703K, committed 10112K, reserved 425984K
}
Event: 12.144 GC heap before
{Heap before GC invocations=27 (full 0):
 garbage-first heap   total 140288K, used 112910K [0x0000000080000000, 0x0000000100000000)
  region size 1024K, 53 young (54272K), 2 survivors (2048K)
 Metaspace       used 70195K, committed 71168K, reserved 491520K
  class space    used 10166K, committed 10624K, reserved 425984K
}
Event: 12.148 GC heap after
{Heap after GC invocations=28 (full 0):
 garbage-first heap   total 140288K, used 66692K [0x0000000080000000, 0x0000000100000000)
  region size 1024K, 7 young (7168K), 7 survivors (7168K)
 Metaspace       used 70195K, committed 71168K, reserved 491520K
  class space    used 10166K, committed 10624K, reserved 425984K
}
Event: 12.160 GC heap before
{Heap before GC invocations=28 (full 0):
 garbage-first heap   total 140288K, used 66692K [0x0000000080000000, 0x0000000100000000)
  region size 1024K, 8 young (8192K), 7 survivors (7168K)
 Metaspace       used 70234K, committed 71232K, reserved 491520K
  class space    used 10172K, committed 10624K, reserved 425984K
}
Event: 12.165 GC heap after
{Heap after GC invocations=29 (full 0):
 garbage-first heap   total 140288K, used 67349K [0x0000000080000000, 0x0000000100000000)
  region size 1024K, 1 young (1024K), 1 survivors (1024K)
 Metaspace       used 70234K, committed 71232K, reserved 491520K
  class space    used 10172K, committed 10624K, reserved 425984K
}
Event: 12.763 GC heap before
{Heap before GC invocations=29 (full 0):
 garbage-first heap   total 140288K, used 114453K [0x0000000080000000, 0x0000000100000000)
  region size 1024K, 47 young (48128K), 1 survivors (1024K)
 Metaspace       used 71678K, committed 72640K, reserved 491520K
  class space    used 10306K, committed 10752K, reserved 425984K
}
Event: 12.768 GC heap after
{Heap after GC invocations=30 (full 0):
 garbage-first heap   total 140288K, used 72528K [0x0000000080000000, 0x0000000100000000)
  region size 1024K, 6 young (6144K), 6 survivors (6144K)
 Metaspace       used 71678K, committed 72640K, reserved 491520K
  class space    used 10306K, committed 10752K, reserved 425984K
}
Event: 12.938 GC heap before
{Heap before GC invocations=31 (full 0):
 garbage-first heap   total 140288K, used 112464K [0x0000000080000000, 0x0000000100000000)
  region size 1024K, 46 young (47104K), 6 survivors (6144K)
 Metaspace       used 71863K, committed 72832K, reserved 491520K
  class space    used 10307K, committed 10752K, reserved 425984K
}
Event: 12.942 GC heap after
{Heap after GC invocations=32 (full 0):
 garbage-first heap   total 140288K, used 75322K [0x0000000080000000, 0x0000000100000000)
  region size 1024K, 4 young (4096K), 4 survivors (4096K)
 Metaspace       used 71863K, committed 72832K, reserved 491520K
  class space    used 10307K, committed 10752K, reserved 425984K
}
Event: 12.948 GC heap before
{Heap before GC invocations=32 (full 0):
 garbage-first heap   total 140288K, used 77370K [0x0000000080000000, 0x0000000100000000)
  region size 1024K, 6 young (6144K), 4 survivors (4096K)
 Metaspace       used 71864K, committed 72832K, reserved 491520K
  class space    used 10307K, committed 10752K, reserved 425984K
}
Event: 12.951 GC heap after
{Heap after GC invocations=33 (full 0):
 garbage-first heap   total 140288K, used 74572K [0x0000000080000000, 0x0000000100000000)
  region size 1024K, 1 young (1024K), 1 survivors (1024K)
 Metaspace       used 71864K, committed 72832K, reserved 491520K
  class space    used 10307K, committed 10752K, reserved 425984K
}
Event: 13.054 GC heap before
{Heap before GC invocations=33 (full 0):
 garbage-first heap   total 140288K, used 112460K [0x0000000080000000, 0x0000000100000000)
  region size 1024K, 39 young (39936K), 1 survivors (1024K)
 Metaspace       used 71883K, committed 72896K, reserved 491520K
  class space    used 10307K, committed 10752K, reserved 425984K
}
Event: 13.056 GC heap after
{Heap after GC invocations=34 (full 0):
 garbage-first heap   total 140288K, used 76698K [0x0000000080000000, 0x0000000100000000)
  region size 1024K, 3 young (3072K), 3 survivors (3072K)
 Metaspace       used 71883K, committed 72896K, reserved 491520K
  class space    used 10307K, committed 10752K, reserved 425984K
}
Event: 13.310 GC heap before
{Heap before GC invocations=35 (full 0):
 garbage-first heap   total 150528K, used 118682K [0x0000000080000000, 0x0000000100000000)
  region size 1024K, 40 young (40960K), 3 survivors (3072K)
 Metaspace       used 71911K, committed 72896K, reserved 491520K
  class space    used 10310K, committed 10752K, reserved 425984K
}
Event: 13.312 GC heap after
{Heap after GC invocations=36 (full 0):
 garbage-first heap   total 150528K, used 86351K [0x0000000080000000, 0x0000000100000000)
  region size 1024K, 5 young (5120K), 5 survivors (5120K)
 Metaspace       used 71911K, committed 72896K, reserved 491520K
  class space    used 10310K, committed 10752K, reserved 425984K
}
Event: 13.354 GC heap before
{Heap before GC invocations=36 (full 0):
 garbage-first heap   total 150528K, used 89423K [0x0000000080000000, 0x0000000100000000)
  region size 1024K, 7 young (7168K), 5 survivors (5120K)
 Metaspace       used 71969K, committed 73024K, reserved 491520K
  class space    used 10321K, committed 10816K, reserved 425984K
}

