# JRE version: OpenJDK Runtime Environment Temurin-17.0.16+8 (17.0.16+8) (build 17.0.16+8)
# Java VM: OpenJDK 64-Bit Server VM Temurin-17.0.16+8 (17.0.16+8, mixed mode, sharing, tiered, compressed oops, compressed class ptrs, g1 gc, windows-amd64)
GC Precious Log:
 CPUs: 12 total, 12 available
 Memory: 16163M
 Large Page Support: Disabled
 NUMA Support: Disabled
 Compressed Oops: Enabled (32-bit)
 Heap Region Size: 1M
 Heap Min Capacity: 8M
 Heap Initial Capacity: 254M
 Heap Max Capacity: 2G
 Pre-touch: Disabled
 Parallel Workers: 10
 Concurrent Workers: 3
 Concurrent Refinement Workers: 10
 Periodic GC: Disabled
Heap:
 garbage-first heap   total 321536K, used 219639K [0x0000000080000000, 0x0000000100000000)
  region size 1024K, 58 young (59392K), 7 survivors (7168K)
 Metaspace       used 114029K, committed 115520K, reserved 557056K
  class space    used 15583K, committed 16320K, reserved 425984K
GC Heap History (20 events):
Event: 21.651 GC heap before
{Heap before GC invocations=41 (full 0):
 garbage-first heap   total 198656K, used 168528K [0x0000000080000000, 0x0000000100000000)
  region size 1024K, 56 young (57344K), 2 survivors (2048K)
 Metaspace       used 102001K, committed 103168K, reserved 557056K
  class space    used 14297K, committed 14848K, reserved 425984K
}
Event: 21.655 GC heap after
{Heap after GC invocations=42 (full 0):
 garbage-first heap   total 198656K, used 118999K [0x0000000080000000, 0x0000000100000000)
  region size 1024K, 7 young (7168K), 7 survivors (7168K)
 Metaspace       used 102001K, committed 103168K, reserved 557056K
  class space    used 14297K, committed 14848K, reserved 425984K
}
Event: 21.770 GC heap before
{Heap before GC invocations=42 (full 0):
 garbage-first heap   total 198656K, used 166103K [0x0000000080000000, 0x0000000100000000)
  region size 1024K, 54 young (55296K), 7 survivors (7168K)
 Metaspace       used 102012K, committed 103168K, reserved 557056K
  class space    used 14297K, committed 14848K, reserved 425984K
}
Event: 21.774 GC heap after
{Heap after GC invocations=43 (full 0):
 garbage-first heap   total 198656K, used 120704K [0x0000000080000000, 0x0000000100000000)
  region size 1024K, 4 young (4096K), 4 survivors (4096K)
 Metaspace       used 102012K, committed 103168K, reserved 557056K
  class space    used 14297K, committed 14848K, reserved 425984K
}
Event: 21.873 GC heap before
{Heap before GC invocations=43 (full 0):
 garbage-first heap   total 198656K, used 165760K [0x0000000080000000, 0x0000000100000000)
  region size 1024K, 49 young (50176K), 4 survivors (4096K)
 Metaspace       used 102015K, committed 103168K, reserved 557056K
  class space    used 14297K, committed 14848K, reserved 425984K
}
Event: 21.876 GC heap after
{Heap after GC invocations=44 (full 0):
 garbage-first heap   total 198656K, used 121889K [0x0000000080000000, 0x0000000100000000)
  region size 1024K, 5 young (5120K), 5 survivors (5120K)
 Metaspace       used 102015K, committed 103168K, reserved 557056K
  class space    used 14297K, committed 14848K, reserved 425984K
}
Event: 22.491 GC heap before
{Heap before GC invocations=44 (full 0):
 garbage-first heap   total 198656K, used 172065K [0x0000000080000000, 0x0000000100000000)
  region size 1024K, 50 young (51200K), 5 survivors (5120K)
 Metaspace       used 103343K, committed 104576K, reserved 557056K
  class space    used 14511K, committed 15104K, reserved 425984K
}
Event: 22.498 GC heap after
{Heap after GC invocations=45 (full 0):
 garbage-first heap   total 198656K, used 136644K [0x0000000080000000, 0x0000000100000000)
  region size 1024K, 7 young (7168K), 7 survivors (7168K)
 Metaspace       used 103343K, committed 104576K, reserved 557056K
  class space    used 14511K, committed 15104K, reserved 425984K
}
Event: 22.998 GC heap before
{Heap before GC invocations=45 (full 0):
 garbage-first heap   total 198656K, used 165316K [0x0000000080000000, 0x0000000100000000)
  region size 1024K, 35 young (35840K), 7 survivors (7168K)
 Metaspace       used 104156K, committed 105408K, reserved 557056K
  class space    used 14637K, committed 15232K, reserved 425984K
}
Event: 23.004 GC heap after
{Heap after GC invocations=46 (full 0):
 garbage-first heap   total 198656K, used 141493K [0x0000000080000000, 0x0000000100000000)
  region size 1024K, 5 young (5120K), 5 survivors (5120K)
 Metaspace       used 104156K, committed 105408K, reserved 557056K
  class space    used 14637K, committed 15232K, reserved 425984K
}
Event: 23.077 GC heap before
{Heap before GC invocations=46 (full 0):
 garbage-first heap   total 198656K, used 165045K [0x0000000080000000, 0x0000000100000000)
  region size 1024K, 29 young (29696K), 5 survivors (5120K)
 Metaspace       used 104164K, committed 105408K, reserved 557056K
  class space    used 14638K, committed 15232K, reserved 425984K
}
Event: 23.081 GC heap after
{Heap after GC invocations=47 (full 0):
 garbage-first heap   total 198656K, used 144027K [0x0000000080000000, 0x0000000100000000)
  region size 1024K, 3 young (3072K), 3 survivors (3072K)
 Metaspace       used 104164K, committed 105408K, reserved 557056K
  class space    used 14638K, committed 15232K, reserved 425984K
}
Event: 23.152 GC heap before
{Heap before GC invocations=48 (full 0):
 garbage-first heap   total 242688K, used 167579K [0x0000000080000000, 0x0000000100000000)
  region size 1024K, 27 young (27648K), 3 survivors (3072K)
 Metaspace       used 104164K, committed 105408K, reserved 557056K
  class space    used 14638K, committed 15232K, reserved 425984K
}
Event: 23.154 GC heap after
{Heap after GC invocations=49 (full 0):
 garbage-first heap   total 242688K, used 144857K [0x0000000080000000, 0x0000000100000000)
  region size 1024K, 3 young (3072K), 3 survivors (3072K)
 Metaspace       used 104164K, committed 105408K, reserved 557056K
  class space    used 14638K, committed 15232K, reserved 425984K
}
Event: 23.167 GC heap before
{Heap before GC invocations=49 (full 0):
 garbage-first heap   total 242688K, used 152025K [0x0000000080000000, 0x0000000100000000)
  region size 1024K, 11 young (11264K), 3 survivors (3072K)
 Metaspace       used 104164K, committed 105408K, reserved 557056K
  class space    used 14638K, committed 15232K, reserved 425984K
}
Event: 23.170 GC heap after
{Heap after GC invocations=50 (full 0):
 garbage-first heap   total 321536K, used 143743K [0x0000000080000000, 0x0000000100000000)
  region size 1024K, 2 young (2048K), 2 survivors (2048K)
 Metaspace       used 104164K, committed 105408K, reserved 557056K
  class space    used 14638K, committed 15232K, reserved 425984K
}
Event: 24.153 GC heap before
{Heap before GC invocations=50 (full 0):
 garbage-first heap   total 321536K, used 267647K [0x0000000080000000, 0x0000000100000000)
  region size 1024K, 120 young (122880K), 2 survivors (2048K)
 Metaspace       used 105173K, committed 106432K, reserved 557056K
  class space    used 14746K, committed 15360K, reserved 425984K
}
Event: 24.161 GC heap after
{Heap after GC invocations=51 (full 0):
 garbage-first heap   total 321536K, used 162687K [0x0000000080000000, 0x0000000100000000)
  region size 1024K, 15 young (15360K), 15 survivors (15360K)
 Metaspace       used 105173K, committed 106432K, reserved 557056K
  class space    used 14746K, committed 15360K, reserved 425984K
}
Event: 63.223 GC heap before
{Heap before GC invocations=51 (full 0):
 garbage-first heap   total 321536K, used 263039K [0x0000000080000000, 0x0000000100000000)
  region size 1024K, 109 young (111616K), 15 survivors (15360K)
 Metaspace       used 113535K, committed 114880K, reserved 557056K
  class space    used 15522K, committed 16192K, reserved 425984K
}
Event: 63.232 GC heap after
{Heap after GC invocations=52 (full 0):
 garbage-first heap   total 321536K, used 168439K [0x0000000080000000, 0x0000000100000000)
  region size 1024K, 7 young (7168K), 7 survivors (7168K)
 Metaspace       used 113535K, committed 114880K, reserved 557056K
  class space    used 15522K, committed 16192K, reserved 425984K
}

